INFO:root:Processing page: 1
INFO:root:AVG parsing time 1.7
INFO:root:AVG cleaning time 0.003
INFO:root:Connecting to the database...
INFO:root:Data uploaded successfully.
INFO:root:Database connection closed.
INFO:root:AVG PostgreSQL time 1.9
INFO:root:Processing page: 2
INFO:root:AVG parsing time 1.7
INFO:root:AVG cleaning time 0.002
INFO:root:Connecting to the database...
INFO:root:Data uploaded successfully.
INFO:root:Database connection closed.
INFO:root:AVG PostgreSQL time 1.89
INFO:root:Processing page: 3
INFO:root:AVG parsing time 2.21
INFO:root:AVG cleaning time 0.002
INFO:root:Connecting to the database...
INFO:root:Data uploaded successfully.
INFO:root:Database connection closed.
INFO:root:AVG PostgreSQL time 1.89
INFO:root:Processing page: 4
INFO:root:AVG parsing time 2.17
INFO:root:AVG cleaning time 0.002
INFO:root:Connecting to the database...
INFO:root:Data uploaded successfully.
INFO:root:Database connection closed.
INFO:root:AVG PostgreSQL time 1.91
INFO:root:Processing page: 5
INFO:root:AVG parsing time 2.06
INFO:root:AVG cleaning time 0.002
INFO:root:Connecting to the database...
INFO:root:Data uploaded successfully.
INFO:root:Database connection closed.
INFO:root:AVG PostgreSQL time 1.78
INFO:root:Processing page: 6
INFO:root:AVG parsing time 2.02
INFO:root:AVG cleaning time 0.002
INFO:root:Connecting to the database...
INFO:root:Data uploaded successfully.
INFO:root:Database connection closed.
INFO:root:AVG PostgreSQL time 1.8
INFO:root:Processing page: 7
INFO:root:AVG parsing time 2.1
INFO:root:AVG cleaning time 0.002
INFO:root:Connecting to the database...
INFO:root:Data uploaded successfully.
INFO:root:Database connection closed.
INFO:root:AVG PostgreSQL time 1.81
INFO:root:Processing page: 8
INFO:root:AVG parsing time 2.12
INFO:root:AVG cleaning time 0.002
INFO:root:Connecting to the database...
INFO:root:Data uploaded successfully.
INFO:root:Database connection closed.
INFO:root:AVG PostgreSQL time 1.79
INFO:root:Processing page: 9
INFO:root:AVG parsing time 2.03
INFO:root:AVG cleaning time 0.002
INFO:root:Connecting to the database...
INFO:root:Data uploaded successfully.
INFO:root:Database connection closed.
INFO:root:AVG PostgreSQL time 1.72
INFO:root:Processing page: 10
INFO:root:AVG parsing time 2.06
INFO:root:AVG cleaning time 0.002
INFO:root:Connecting to the database...
INFO:root:Data uploaded successfully.
INFO:root:Database connection closed.
INFO:root:AVG PostgreSQL time 1.71
INFO:root:Processing page: 11
INFO:root:AVG parsing time 2.04
INFO:root:AVG cleaning time 0.002
INFO:root:Connecting to the database...
INFO:root:Data uploaded successfully.
INFO:root:Database connection closed.
INFO:root:AVG PostgreSQL time 1.72
INFO:root:Processing page: 12
INFO:root:AVG parsing time 2.21
INFO:root:AVG cleaning time 0.002
INFO:root:Connecting to the database...
INFO:root:Data uploaded successfully.
INFO:root:Database connection closed.
INFO:root:AVG PostgreSQL time 1.74
INFO:root:Processing page: 13
INFO:root:AVG parsing time 2.32
INFO:root:AVG cleaning time 0.002
INFO:root:Connecting to the database...
INFO:root:Data uploaded successfully.
INFO:root:Database connection closed.
INFO:root:AVG PostgreSQL time 1.74
INFO:root:Processing page: 14
